<?xml version="1.0" encoding="UTF-8"?>
<!-- Generated by org.testng.reporters.JUnitReportReporter -->
<testsuite hostname="LAPTOP-5KMO2G2N" failures="0" tests="1" name="org.test.ContactPageTests" time="5.394" errors="0" timestamp="06 Jul 2023 17:11:07 GMT" skipped="0">
  <testcase classname="org.test.ContactPageTests" name="verifyAutomationPandaContactPage" time="5.394"/>
</testsuite> <!-- org.test.ContactPageTests -->
