<?xml version="1.0" encoding="UTF-8"?>
<!-- Generated by org.testng.reporters.JUnitReportReporter -->
<testsuite hostname="LAPTOP-5KMO2G2N" failures="0" tests="1" name="org.test.ContactPageTests" time="6.461" errors="0" timestamp="06 Jul 2023 16:45:17 GMT" skipped="0">
  <testcase classname="org.test.ContactPageTests" name="verifyAutomationPandaContactPage" time="6.461"/>
</testsuite> <!-- org.test.ContactPageTests -->
