<?xml version="1.0" encoding="UTF-8"?>
<!-- Generated by org.testng.reporters.JUnitReportReporter -->
<testsuite hostname="LAPTOP-5KMO2G2N" failures="0" tests="1" name="org.test.Scenario1_Test" time="9.119" errors="0" timestamp="06 Jul 2023 14:24:04 GMT" skipped="0">
  <testcase classname="org.test.Scenario1_Test" name="verifyAutomationPandaContactPage" time="9.119"/>
</testsuite> <!-- org.test.Scenario1_Test -->
